<?xml version="1.0" encoding="utf-8"?><testsuites name="pytest tests"><testsuite name="pytest" errors="0" failures="0" skipped="0" tests="3" time="1.004" timestamp="2026-08-15T05:25:30.600823+00:00" hostname="agent-env-288af773-d282-4e82-b108-d827b910e5b8"><testcase classname="tests.test_inquiry_api" name="test_health" time="0.134" /><testcase classname="tests.test_inquiry_api" name="test_inquiry_create" time="0.115" /><testcase classname="tests.test_inquiry_api" name="test_inquiry_validation" time="0.085" /></testsuite></testsuites>