<?xml version="1.0" encoding="utf-8"?><testsuites name="pytest tests"><testsuite name="pytest" errors="0" failures="0" skipped="0" tests="3" time="0.784" timestamp="2026-08-15T05:35:05.068118+00:00" hostname="agent-env-288af773-d282-4e82-b108-d827b910e5b8"><testcase classname="tests.test_inquiry_api" name="test_health" time="0.143" /><testcase classname="tests.test_inquiry_api" name="test_inquiry_create" time="0.075" /><testcase classname="tests.test_inquiry_api" name="test_inquiry_validation" time="0.067" /></testsuite></testsuites>